Arguments: 
  /home/aneesh/.nvm/versions/node/v10.13.0/bin/node /home/aneesh/.nvm/versions/node/v10.13.0/bin/yarn add yarn --dev

PATH: 
  /home/aneesh/.rbenv/plugins/ruby-build/bin:/home/aneesh/.rbenv/shims:/home/aneesh/.rbenv/bin:/home/aneesh/.vscode-server/bin/cd9ea6488829f560dc949a8b2fb789f3cdc05f5d/bin:/home/aneesh/.cargo/bin:/home/aneesh/.rbenv/plugins/ruby-build/bin:/home/aneesh/.rbenv/shims:/home/aneesh/.rbenv/bin:/home/aneesh/.nvm/versions/node/v10.13.0/bin:/usr/local/sbin:/usr/local/bin:/usr/sbin:/usr/bin:/sbin:/bin:/usr/games:/usr/local/games:/mnt/c/Program Files (x86)/Common Files/Oracle/Java/javapath:/mnt/c/Windows/system32:/mnt/c/Windows:/mnt/c/Windows/System32/Wbem:/mnt/c/Windows/System32/WindowsPowerShell/v1.0/:/mnt/c/Windows/System32/OpenSSH/:/mnt/c/Program Files (x86)/NVIDIA Corporation/PhysX/Common:/mnt/c/WINDOWS/system32:/mnt/c/WINDOWS:/mnt/c/WINDOWS/System32/Wbem:/mnt/c/WINDOWS/System32/WindowsPowerShell/v1.0/:/mnt/c/WINDOWS/System32/OpenSSH/:/mnt/c/Users/Aneesh Saripalli/AppData/Local/Microsoft/WindowsApps:/mnt/c/Users/Aneesh Saripalli/AppData/Local/Programs/Microsoft VS Code/bin:/mnt/c/Users/Aneesh Saripalli/Downloads/cmder/vendor/git-for-windows/cmd:/mnt/c/Program Files/JetBrains/IntelliJ IDEA Community Edition 2020.1.2/bin:/mnt/c/Program Files (x86)/Java/jdk1.8.0_251:/snap/bin

Yarn version: 
  1.22.4

Node version: 
  10.13.0

Platform: 
  linux x64

Trace: 
  Error: EACCES: permission denied, mkdir '/home/aneesh/dev/kafka-go/protos/node_modules/long'

npm manifest: 
  {
      "name": "@aneeshsaripalli/protos",
      "version": "1.0.1",
      "description": "",
      "main": "build/index.js",
      "types": "build/index.d.ts",
      "scripts": {
          "test": "echo \"Error: no test specified\" && exit 1",
          "prebuild": "chmod +x scripts/BUILD",
          "build": "npm run prebuild && scripts/BUILD",
          "clean": "rm -rf build",
          "deploy": "npm publish"
      },
      "keywords": [],
      "license": "ISC",
      "devDependencies": {
          "protobufjs": "^6.9.0"
      },
      "repository": {
          "type": "git",
          "url": "git+https://github.com/aneeshsaripalli/shopsy.git"
      },
      "author": "Aneesh Saripalli",
      "publishConfig": {
          "registry": "https://npm.pkg.github.com/@aneeshsaripalli"
      }
  }

yarn manifest: 
  No manifest

Lockfile: 
  No lockfile
